[19:54:45.796] [INFO]: Loading config 'startup.json'.
[19:54:49.764] [INFO]: Loaded plugins: almostunified:common, almostunified:neoforge
[19:54:53.296] [WARN]: Reload detected. Reconstructing runtime.
[19:54:53.298] [INFO]: Loading config 'tags.json'.
[19:54:53.302] [INFO]: Loading config 'placeholders.json'.
[19:54:53.321] [WARN]: The following tags are invalid or not in use and will be ignored: [c:gems/platinum, c:dusts/graphite, c:gems/netherite, c:rods/bitumen, c:storage_blocks/raw_brass, c:wires/cobalt, c:gears/sulfur, c:wires/ruby, c:plates/amber, c:ingots/fluorite, c:gems/potassium_nitrate, c:storage_blocks/elementium, c:raw_materials/cinnabar, c:rods/graphite, c:ores/chrome, c:storage_blocks/raw_chrome, c:wires/signalum, c:wires/osmium, c:rods/cobalt, c:wires/emerald, c:ores/invar, c:dusts/amber, c:raw_materials/invar, c:gems/iridium, c:gems/chrome, c:nuggets/chrome, c:raw_materials/bitumen, c:plates/fluorite, c:gears/cinnabar, c:wires/potassium_nitrate, c:plates/elementium, c:raw_materials/bronze, c:nuggets/cinnabar, c:wires/constantan, c:wires/lumium, c:raw_materials/chrome, c:raw_materials/obsidian, c:gears/netherite, c:gems/uranium, c:ores/electrum, c:plates/aeternium, c:raw_materials/potassium_nitrate, c:gems/signalum, c:storage_blocks/apatite, c:storage_blocks/cobalt, c:plates/sapphire, c:gems/constantan, c:nuggets/obsidian, c:wires/steel, c:gems/gold, c:ingots/bitumen, c:gems/lumium, c:storage_blocks/aeternium, c:gears/obsidian, c:plates/chrome, c:gears/lapis, c:gears/elementium, c:gems/invar, c:ores/constantan, c:gears/tungsten, c:gems/tin, c:nuggets/peridot, c:storage_blocks/raw_apatite, c:raw_materials/netherite, c:gems/nickel, c:wires/amber, c:gems/graphite, c:gems/brass, c:ingots/emerald, c:ingots/aeternium, c:raw_materials/constantan, c:raw_materials/lapis, c:wires/nickel, c:rods/tungsten, c:plates/apatite, c:rods/chrome, c:storage_blocks/raw_electrum, c:wires/platinum, c:gems/osmium, c:storage_blocks/raw_sapphire, c:storage_blocks/raw_fluorite, c:gems/zinc, c:gems/tungsten, c:ingots/elementium, c:nuggets/aeternium, c:rods/fluorite, c:gears/graphite, c:raw_materials/enderium, c:raw_materials/lumium, c:storage_blocks/raw_sulfur, c:storage_blocks/amber, c:nuggets/bitumen, c:plates/potassium_nitrate, c:raw_materials/peridot, c:wires/silver, c:rods/emerald, c:gems/sulfur, c:storage_blocks/chrome, c:wires/bitumen, c:storage_blocks/raw_lumium, c:gems/silver, c:plates/graphite, c:wires/aeternium, c:storage_blocks/raw_obsidian, c:gears/mithril, c:wires/lapis, c:wires/elementium, c:gems/bronze, c:wires/cinnabar, c:storage_blocks/raw_bronze, c:raw_materials/emerald, c:ores/aeternium, c:gems/aluminum, c:storage_blocks/raw_potassium_nitrate, c:wires/iridium, c:dusts/chrome, c:nuggets/diamond, c:wires/tungsten, c:ingots/peridot, c:plates/ruby, c:plates/sulfur, c:gems/iron, c:ingots/amber, c:gems/cobalt, c:ingots/lapis, c:nuggets/lapis, c:ores/bitumen, c:wires/graphite, c:gems/enderium, c:wires/chrome, c:storage_blocks/potassium_nitrate, c:wires/bronze, c:wires/invar, c:ores/obsidian, c:plates/cobalt, c:wires/gold, c:raw_materials/graphite, c:nuggets/mithril, c:rods/potassium_nitrate, c:gears/bitumen, c:dusts/bitumen, c:gears/aeternium, c:ores/graphite, c:raw_materials/elementium, c:raw_materials/apatite, c:wires/iron, c:gems/obsidian, c:ingots/diamond, c:gems/steel, c:plates/emerald, c:storage_blocks/raw_ruby, c:nuggets/amber, c:wires/electrum, c:wires/brass, c:gears/potassium_nitrate, c:gears/fluorite, c:rods/apatite, c:wires/aluminum, c:rods/elementium, c:nuggets/fluorite, c:plates/cinnabar, c:gears/amber, c:gems/elementium, c:gems/amber, c:storage_blocks/sulfur, c:rods/obsidian, c:storage_blocks/raw_emerald, c:wires/sapphire, c:raw_materials/brass, c:nuggets/sapphire, c:plates/tungsten, c:wires/enderium, c:gears/cobalt, c:storage_blocks/raw_amber, c:gems/lead, c:rods/amber, c:ingots/ruby, c:wires/tin, c:gems/mithril, c:plates/bitumen, c:storage_blocks/obsidian, c:gems/aeternium, c:ores/brass, c:ingots/chrome, c:wires/mithril, c:rods/lapis, c:gears/sapphire, c:storage_blocks/bitumen, c:ingots/apatite, c:dusts/potassium_nitrate, c:storage_blocks/raw_peridot, c:wires/diamond, c:nuggets/potassium_nitrate, c:rods/aeternium, c:raw_materials/diamond, c:wires/sulfur, c:storage_blocks/mithril, c:ores/elementium, c:gems/electrum, c:rods/sapphire, c:ores/signalum, c:ingots/cinnabar, c:storage_blocks/raw_elementium, c:gears/ruby, c:gears/chrome, c:wires/lead, c:plates/netherite, c:storage_blocks/raw_graphite, c:ores/amber, c:gears/peridot, c:nuggets/graphite, c:ingots/obsidian, c:raw_materials/amber, c:rods/peridot, c:ores/netherite, c:storage_blocks/raw_netherite, c:ores/potassium_nitrate, c:plates/mithril, c:storage_blocks/raw_mithril, c:storage_blocks/raw_constantan, c:gears/emerald, c:gems/copper, c:ores/steel, c:storage_blocks/raw_signalum, c:nuggets/sulfur, c:storage_blocks/raw_steel, c:nuggets/apatite, c:plates/lapis, c:dusts/mithril, c:rods/mithril, c:ingots/potassium_nitrate, c:gems/bitumen, c:storage_blocks/raw_bitumen, c:wires/apatite, c:plates/peridot, c:raw_materials/sulfur, c:raw_materials/signalum, c:raw_materials/steel, c:wires/fluorite, c:plates/obsidian, c:storage_blocks/raw_aeternium, c:storage_blocks/raw_enderium, c:rods/cinnabar, c:storage_blocks/raw_cinnabar, c:wires/peridot, c:rods/sulfur, c:ingots/sulfur, c:ores/enderium, c:ores/bronze, c:storage_blocks/raw_invar, c:nuggets/netherite, c:wires/zinc, c:nuggets/ruby, c:wires/obsidian, c:wires/netherite, c:storage_blocks/raw_lapis, c:raw_materials/fluorite, c:wires/copper, c:rods/netherite, c:wires/uranium, c:dusts/elementium, c:dusts/aeternium, c:gears/apatite, c:raw_materials/ruby, c:ores/lumium, c:nuggets/emerald, c:ingots/sapphire, c:nuggets/elementium, c:rods/ruby, c:storage_blocks/raw_diamond, c:raw_materials/aeternium, c:raw_materials/sapphire, c:raw_materials/electrum]
[19:54:53.344] [INFO]: [AutoHiding] Hiding 1/3 items for tag '#c:ores/lapis' -> [alltheores:other_lapis_ore]
[19:54:53.345] [INFO]: [AutoHiding] Hiding 2/3 items for tag '#c:dusts/steel' -> [alltheores:steel_dust, easy_steel:raw_steel]
[19:54:53.346] [INFO]: [AutoHiding] Hiding 1/2 items for tag '#c:raw_materials/uranium' -> [alltheores:raw_uranium]
[19:54:53.346] [INFO]: [AutoHiding] Hiding 1/2 items for tag '#c:dusts/osmium' -> [alltheores:osmium_dust]
[19:54:53.347] [INFO]: [AutoHiding] Hiding 1/2 items for tag '#c:raw_materials/lead' -> [alltheores:raw_lead]
[19:54:53.347] [INFO]: [AutoHiding] Hiding 1/2 items for tag '#c:nuggets/tin' -> [alltheores:tin_nugget]
[19:54:53.348] [INFO]: [AutoHiding] Hiding 1/3 items for tag '#c:ores/iron' -> [alltheores:other_iron_ore]
[19:54:53.348] [INFO]: [AutoHiding] Hiding 4/5 items for tag '#c:dusts/gold' -> [occultism:gold_dust, enderio:powdered_gold, alltheores:gold_dust, easy_steel:gold_powder]
[19:54:53.349] [INFO]: [AutoHiding] Hiding 1/2 items for tag '#c:storage_blocks/raw_tin' -> [alltheores:raw_tin_block]
[19:54:53.349] [INFO]: [AutoHiding] Hiding 1/2 items for tag '#c:nuggets/uranium' -> [alltheores:uranium_nugget]
[19:54:53.350] [INFO]: [AutoHiding] Hiding 1/2 items for tag '#c:gems/fluorite' -> [alltheores:fluorite]
[19:54:53.350] [INFO]: [AutoHiding] Hiding 1/2 items for tag '#c:nuggets/osmium' -> [alltheores:osmium_nugget]
[19:54:53.350] [INFO]: [AutoHiding] Hiding 2/3 items for tag '#c:ingots/bronze' -> [alltheores:bronze_ingot, easy_steel:bronze_ingot]
[19:54:53.351] [INFO]: [AutoHiding] Hiding 1/2 items for tag '#c:storage_blocks/raw_osmium' -> [alltheores:raw_osmium_block]
[19:54:53.351] [INFO]: [AutoHiding] Hiding 2/3 items for tag '#c:ingots/tin' -> [easy_steel:tin_ingot, alltheores:tin_ingot]
[19:54:53.351] [INFO]: [AutoHiding] Hiding 2/3 items for tag '#c:storage_blocks/steel' -> [alltheores:steel_block, easy_steel:steel_block]
[19:54:53.352] [INFO]: [AutoHiding] Hiding 1/3 items for tag '#c:ores/fluorite' -> [alltheores:fluorite_ore]
[19:54:53.352] [INFO]: [AutoHiding] Hiding 1/2 items for tag '#c:storage_blocks/lead' -> [alltheores:lead_block]
[19:54:53.353] [INFO]: [AutoHiding] Hiding 1/2 items for tag '#c:storage_blocks/osmium' -> [alltheores:osmium_block]
[19:54:53.353] [INFO]: [AutoHiding] Hiding 1/3 items for tag '#c:ores/copper' -> [alltheores:other_copper_ore]
[19:54:53.354] [INFO]: [AutoHiding] Hiding 1/4 items for tag '#c:ores/gold' -> [alltheores:other_gold_ore]
[19:54:53.356] [INFO]: [AutoHiding] Hiding 1/3 items for tag '#c:ores/diamond' -> [alltheores:other_diamond_ore]
[19:54:53.356] [INFO]: [AutoHiding] Hiding 2/3 items for tag '#c:ingots/steel' -> [easy_steel:steel_ingot, alltheores:steel_ingot]
[19:54:53.357] [INFO]: [AutoHiding] Hiding 1/2 items for tag '#c:raw_materials/osmium' -> [alltheores:raw_osmium]
[19:54:53.357] [INFO]: [AutoHiding] Hiding 2/3 items for tag '#c:ingots/uranium' -> [alltheores:uranium_ingot, bigreactors:yellorium_ingot]
[19:54:53.357] [INFO]: [AutoHiding] Hiding 4/5 items for tag '#c:dusts/iron' -> [easy_steel:iron_powder, occultism:iron_dust, enderio:powdered_iron, alltheores:iron_dust]
[19:54:53.358] [INFO]: [AutoHiding] Hiding 2/3 items for tag '#c:dusts/bronze' -> [easy_steel:raw_bronze, alltheores:bronze_dust]
[19:54:53.358] [INFO]: [AutoHiding] Hiding 1/3 items for tag '#c:ores/emerald' -> [alltheores:other_emerald_ore]
[19:54:53.359] [INFO]: [AutoHiding] Hiding 1/2 items for tag '#c:nuggets/steel' -> [alltheores:steel_nugget]
[19:54:53.359] [INFO]: [AutoHiding] Hiding 2/3 items for tag '#c:storage_blocks/bronze' -> [easy_steel:bronze_block, alltheores:bronze_block]
[19:54:53.359] [INFO]: [AutoHiding] Hiding 1/2 items for tag '#c:storage_blocks/raw_uranium' -> [alltheores:raw_uranium_block]
[19:54:53.360] [INFO]: [AutoHiding] Hiding 1/2 items for tag '#c:ingots/osmium' -> [alltheores:osmium_ingot]
[19:54:53.360] [INFO]: [AutoHiding] Hiding 6/9 items for tag '#c:ores/tin' -> [easy_steel:cassiterite_ore, easy_steel:cassiterite_ore_deepslate, alltheores:tin_ore, alltheores:other_tin_ore, alltheores:end_tin_ore, alltheores:deepslate_tin_ore]
[19:54:53.361] [INFO]: [AutoHiding] Hiding 3/4 items for tag '#c:dusts/tin' -> [alltheores:tin_dust, enderio:powdered_tin, easy_steel:tin_powder]
[19:54:53.361] [INFO]: [AutoHiding] Hiding 2/3 items for tag '#c:dusts/obsidian' -> [enderio:powdered_obsidian, occultism:obsidian_dust]
[19:54:53.362] [INFO]: [AutoHiding] Hiding 1/2 items for tag '#c:dusts/lapis' -> [enderio:powdered_lapis_lazuli]
[19:54:53.363] [INFO]: [AutoHiding] Hiding 1/2 items for tag '#c:nuggets/lead' -> [alltheores:lead_nugget]
[19:54:53.363] [INFO]: [AutoHiding] Hiding 1/2 items for tag '#c:dusts/lead' -> [alltheores:lead_dust]
[19:54:53.364] [INFO]: [AutoHiding] Hiding 2/3 items for tag '#c:dusts/emerald' -> [easy_steel:emerald_powder, appflux:emerald_dust]
[19:54:53.365] [INFO]: [AutoHiding] Hiding 5/8 items for tag '#c:ores/uranium' -> [alltheores:uranium_ore, bigreactors:yellorite_ore, alltheores:other_uranium_ore, alltheores:deepslate_uranium_ore, alltheores:end_uranium_ore]
[19:54:53.366] [INFO]: [AutoHiding] Hiding 1/2 items for tag '#c:storage_blocks/fluorite' -> [alltheores:fluorite_block]
[19:54:53.366] [INFO]: [AutoHiding] Hiding 1/2 items for tag '#c:raw_materials/tin' -> [alltheores:raw_tin]
[19:54:53.367] [INFO]: [AutoHiding] Hiding 1/2 items for tag '#c:dusts/sulfur' -> [alltheores:sulfur]
[19:54:53.368] [INFO]: [AutoHiding] Hiding 4/7 items for tag '#c:ores/osmium' -> [alltheores:osmium_ore, alltheores:end_osmium_ore, alltheores:deepslate_osmium_ore, alltheores:other_osmium_ore]
[19:54:53.368] [INFO]: [AutoHiding] Hiding 1/2 items for tag '#c:storage_blocks/raw_lead' -> [alltheores:raw_lead_block]
[19:54:53.368] [INFO]: [AutoHiding] Hiding 1/2 items for tag '#c:nuggets/bronze' -> [alltheores:bronze_nugget]
[19:54:53.369] [INFO]: [AutoHiding] Hiding 1/2 items for tag '#c:ingots/lead' -> [alltheores:lead_ingot]
[19:54:53.371] [INFO]: [AutoHiding] Hiding 3/4 items for tag '#c:dusts/diamond' -> [appflux:diamond_dust, easy_steel:diamond_powder, alltheores:diamond_dust]
[19:54:53.372] [INFO]: [AutoHiding] Hiding 1/2 items for tag '#c:dusts/uranium' -> [alltheores:uranium_dust]
[19:54:53.372] [INFO]: [AutoHiding] Hiding 1/2 items for tag '#c:storage_blocks/tin' -> [alltheores:tin_block]
[19:54:53.373] [INFO]: [AutoHiding] Hiding 4/7 items for tag '#c:ores/lead' -> [alltheores:end_lead_ore, alltheores:lead_ore, alltheores:deepslate_lead_ore, alltheores:other_lead_ore]
[19:54:53.373] [INFO]: [AutoHiding] Hiding 1/2 items for tag '#c:storage_blocks/uranium' -> [alltheores:uranium_block]
[19:54:53.373] [INFO]: [AutoHiding] Hiding 4/5 items for tag '#c:dusts/copper' -> [enderio:powdered_copper, alltheores:copper_dust, easy_steel:copper_powder, occultism:copper_dust]
[19:54:53.759] [INFO]: Loading config 'debug.json'.
[19:54:53.763] [INFO]: Loading config 'duplicates.json'.
[19:54:53.766] [INFO]: Recipe count: 20851
[19:54:53.955] [ERROR]: Error unifying recipe 'monsterplus:soulflame_powder_from_blaze_powder'
net.minecraft.ResourceLocationException: Non [a-z0-9_.-] character in namespace of location: #minecraft:soul_fire_base_blocks
	at TRANSFORMER/minecraft@1.21.1/net.minecraft.resources.ResourceLocation.assertValidNamespace(ResourceLocation.java:263) ~[server-1.21.1-20240808.144430-srg.jar%23358!/:?]
	at TRANSFORMER/minecraft@1.21.1/net.minecraft.resources.ResourceLocation.createUntrusted(ResourceLocation.java:48) ~[server-1.21.1-20240808.144430-srg.jar%23358!/:?]
	at TRANSFORMER/minecraft@1.21.1/net.minecraft.resources.ResourceLocation.bySeparator(ResourceLocation.java:79) ~[server-1.21.1-20240808.144430-srg.jar%23358!/:?]
	at TRANSFORMER/minecraft@1.21.1/net.minecraft.resources.ResourceLocation.parse(ResourceLocation.java:56) ~[server-1.21.1-20240808.144430-srg.jar%23358!/:?]
	at TRANSFORMER/almostunified@1.21.1-1.0.0/com.almostreliable.unified.unification.recipe.UnificationHelperImpl.unifyInputItem(UnificationHelperImpl.java:90) ~[almostunified-neoforge-1.21.1-1.0.0.jar%23380!/:?]
	at TRANSFORMER/almostunified@1.21.1-1.0.0/com.almostreliable.unified.unification.recipe.UnificationHelperImpl.unifyInputObject(UnificationHelperImpl.java:68) ~[almostunified-neoforge-1.21.1-1.0.0.jar%23380!/:?]
	at TRANSFORMER/almostunified@1.21.1-1.0.0/com.almostreliable.unified.unification.recipe.UnificationHelperImpl.unifyInputElement(UnificationHelperImpl.java:40) ~[almostunified-neoforge-1.21.1-1.0.0.jar%23380!/:?]
	at TRANSFORMER/almostunified@1.21.1-1.0.0/com.almostreliable.unified.api.unification.bundled.ShapedRecipeUnifier.unify(ShapedRecipeUnifier.java:39) ~[almostunified-neoforge-1.21.1-1.0.0.jar%23380!/:?]
	at TRANSFORMER/almostunified@1.21.1-1.0.0/com.almostreliable.unified.unification.recipe.RecipeTransformer.unifyRecipe(RecipeTransformer.java:183) ~[almostunified-neoforge-1.21.1-1.0.0.jar%23380!/:?]
	at TRANSFORMER/almostunified@1.21.1-1.0.0/com.almostreliable.unified.unification.recipe.RecipeTransformer.unifyRecipes(RecipeTransformer.java:156) ~[almostunified-neoforge-1.21.1-1.0.0.jar%23380!/:?]
	at TRANSFORMER/almostunified@1.21.1-1.0.0/com.almostreliable.unified.unification.recipe.RecipeTransformer.transformRecipes(RecipeTransformer.java:88) ~[almostunified-neoforge-1.21.1-1.0.0.jar%23380!/:?]
	at TRANSFORMER/almostunified@1.21.1-1.0.0/com.almostreliable.unified.unification.recipe.RecipeTransformer.lambda$transformRecipes$0(RecipeTransformer.java:56) ~[almostunified-neoforge-1.21.1-1.0.0.jar%23380!/:?]
	at java.base/java.util.concurrent.ConcurrentHashMap.forEach(ConcurrentHashMap.java:1603) ~[?:?]
	at TRANSFORMER/almostunified@1.21.1-1.0.0/com.almostreliable.unified.unification.recipe.RecipeTransformer.transformRecipes(RecipeTransformer.java:55) ~[almostunified-neoforge-1.21.1-1.0.0.jar%23380!/:?]
	at TRANSFORMER/almostunified@1.21.1-1.0.0/com.almostreliable.unified.core.AlmostUnifiedRuntimeImpl.lambda$run$1(AlmostUnifiedRuntimeImpl.java:171) ~[almostunified-neoforge-1.21.1-1.0.0.jar%23380!/:?]
	at TRANSFORMER/almostunified@1.21.1-1.0.0/com.almostreliable.unified.utils.DebugHandler.measure(DebugHandler.java:58) ~[almostunified-neoforge-1.21.1-1.0.0.jar%23380!/:?]
	at TRANSFORMER/almostunified@1.21.1-1.0.0/com.almostreliable.unified.core.AlmostUnifiedRuntimeImpl.run(AlmostUnifiedRuntimeImpl.java:169) ~[almostunified-neoforge-1.21.1-1.0.0.jar%23380!/:?]
	at TRANSFORMER/almostunified@1.21.1-1.0.0/com.almostreliable.unified.AlmostUnifiedCommon.onRecipeManagerReload(AlmostUnifiedCommon.java:41) ~[almostunified-neoforge-1.21.1-1.0.0.jar%23380!/:?]
	at TRANSFORMER/minecraft@1.21.1/net.minecraft.world.item.crafting.RecipeManager.handler$zia000$almostunified$runTransformation(RecipeManager.java:2028) ~[server-1.21.1-20240808.144430-srg.jar%23358!/:?]
	at TRANSFORMER/minecraft@1.21.1/net.minecraft.world.item.crafting.RecipeManager.apply(RecipeManager.java) ~[server-1.21.1-20240808.144430-srg.jar%23358!/:?]
	at TRANSFORMER/minecraft@1.21.1/net.minecraft.world.item.crafting.RecipeManager.apply(RecipeManager.java:36) ~[server-1.21.1-20240808.144430-srg.jar%23358!/:?]
	at TRANSFORMER/minecraft@1.21.1/net.minecraft.server.packs.resources.SimplePreparableReloadListener.lambda$reload$1(SimplePreparableReloadListener.java:19) ~[server-1.21.1-20240808.144430-srg.jar%23358!/:?]
	at java.base/java.util.concurrent.CompletableFuture$UniAccept.tryFire(CompletableFuture.java:718) ~[?:?]
	at java.base/java.util.concurrent.CompletableFuture$Completion.run(CompletableFuture.java:482) ~[?:?]
	at TRANSFORMER/minecraft@1.21.1/net.minecraft.server.packs.resources.SimpleReloadInstance.lambda$new$3(SimpleReloadInstance.java:69) ~[server-1.21.1-20240808.144430-srg.jar%23358!/:?]
	at TRANSFORMER/minecraft@1.21.1/net.minecraft.Util.blockUntilDone(Util.java:872) ~[server-1.21.1-20240808.144430-srg.jar%23358!/:?]
	at TRANSFORMER/minecraft@1.21.1/net.minecraft.Util.blockUntilDone(Util.java:861) ~[server-1.21.1-20240808.144430-srg.jar%23358!/:?]
	at TRANSFORMER/minecraft@1.21.1/net.minecraft.server.Main.main(Main.java:195) ~[server-1.21.1-20240808.144430-srg.jar%23358!/:?]
	at java.base/jdk.internal.reflect.DirectMethodHandleAccessor.invoke(DirectMethodHandleAccessor.java:103) ~[?:?]
	at java.base/java.lang.reflect.Method.invoke(Method.java:580) ~[?:?]
	at MC-BOOTSTRAP/fml_loader@4.0.24/net.neoforged.fml.loading.targets.CommonLaunchHandler.runTarget(CommonLaunchHandler.java:136) ~[loader-4.0.24.jar%2360!/:4.0]
	at MC-BOOTSTRAP/fml_loader@4.0.24/net.neoforged.fml.loading.targets.CommonLaunchHandler.serverService(CommonLaunchHandler.java:128) ~[loader-4.0.24.jar%2360!/:4.0]
	at MC-BOOTSTRAP/fml_loader@4.0.24/net.neoforged.fml.loading.targets.CommonServerLaunchHandler.runService(CommonServerLaunchHandler.java:32) ~[loader-4.0.24.jar%2360!/:4.0]
	at MC-BOOTSTRAP/fml_loader@4.0.24/net.neoforged.fml.loading.targets.CommonLaunchHandler.lambda$launchService$4(CommonLaunchHandler.java:118) ~[loader-4.0.24.jar%2360!/:4.0]
	at MC-BOOTSTRAP/cpw.mods.modlauncher@11.0.4/cpw.mods.modlauncher.LaunchServiceHandlerDecorator.launch(LaunchServiceHandlerDecorator.java:30) [modlauncher-11.0.4.jar%2362!/:?]
	at MC-BOOTSTRAP/cpw.mods.modlauncher@11.0.4/cpw.mods.modlauncher.LaunchServiceHandler.launch(LaunchServiceHandler.java:53) [modlauncher-11.0.4.jar%2362!/:?]
	at MC-BOOTSTRAP/cpw.mods.modlauncher@11.0.4/cpw.mods.modlauncher.LaunchServiceHandler.launch(LaunchServiceHandler.java:71) [modlauncher-11.0.4.jar%2362!/:?]
	at MC-BOOTSTRAP/cpw.mods.modlauncher@11.0.4/cpw.mods.modlauncher.Launcher.run(Launcher.java:103) [modlauncher-11.0.4.jar%2362!/:?]
	at MC-BOOTSTRAP/cpw.mods.modlauncher@11.0.4/cpw.mods.modlauncher.Launcher.main(Launcher.java:74) [modlauncher-11.0.4.jar%2362!/:?]
	at MC-BOOTSTRAP/cpw.mods.modlauncher@11.0.4/cpw.mods.modlauncher.BootstrapLaunchConsumer.accept(BootstrapLaunchConsumer.java:26) [modlauncher-11.0.4.jar%2362!/:?]
	at MC-BOOTSTRAP/cpw.mods.modlauncher@11.0.4/cpw.mods.modlauncher.BootstrapLaunchConsumer.accept(BootstrapLaunchConsumer.java:23) [modlauncher-11.0.4.jar%2362!/:?]
	at cpw.mods.bootstraplauncher@2.0.2/cpw.mods.bootstraplauncher.BootstrapLauncher.run(BootstrapLauncher.java:210) [bootstraplauncher-2.0.2.jar:?]
	at cpw.mods.bootstraplauncher@2.0.2/cpw.mods.bootstraplauncher.BootstrapLauncher.main(BootstrapLauncher.java:69) [bootstraplauncher-2.0.2.jar:?]
[19:54:53.961] [ERROR]: Error unifying recipe 'monsterplus:soulflame_powder_from_curseflame'
net.minecraft.ResourceLocationException: Non [a-z0-9_.-] character in namespace of location: #minecraft:soul_fire_base_blocks
	at TRANSFORMER/minecraft@1.21.1/net.minecraft.resources.ResourceLocation.assertValidNamespace(ResourceLocation.java:263) ~[server-1.21.1-20240808.144430-srg.jar%23358!/:?]
	at TRANSFORMER/minecraft@1.21.1/net.minecraft.resources.ResourceLocation.createUntrusted(ResourceLocation.java:48) ~[server-1.21.1-20240808.144430-srg.jar%23358!/:?]
	at TRANSFORMER/minecraft@1.21.1/net.minecraft.resources.ResourceLocation.bySeparator(ResourceLocation.java:79) ~[server-1.21.1-20240808.144430-srg.jar%23358!/:?]
	at TRANSFORMER/minecraft@1.21.1/net.minecraft.resources.ResourceLocation.parse(ResourceLocation.java:56) ~[server-1.21.1-20240808.144430-srg.jar%23358!/:?]
	at TRANSFORMER/almostunified@1.21.1-1.0.0/com.almostreliable.unified.unification.recipe.UnificationHelperImpl.unifyInputItem(UnificationHelperImpl.java:90) ~[almostunified-neoforge-1.21.1-1.0.0.jar%23380!/:?]
	at TRANSFORMER/almostunified@1.21.1-1.0.0/com.almostreliable.unified.unification.recipe.UnificationHelperImpl.unifyInputObject(UnificationHelperImpl.java:68) ~[almostunified-neoforge-1.21.1-1.0.0.jar%23380!/:?]
	at TRANSFORMER/almostunified@1.21.1-1.0.0/com.almostreliable.unified.unification.recipe.UnificationHelperImpl.unifyInputElement(UnificationHelperImpl.java:40) ~[almostunified-neoforge-1.21.1-1.0.0.jar%23380!/:?]
	at TRANSFORMER/almostunified@1.21.1-1.0.0/com.almostreliable.unified.api.unification.bundled.ShapedRecipeUnifier.unify(ShapedRecipeUnifier.java:39) ~[almostunified-neoforge-1.21.1-1.0.0.jar%23380!/:?]
	at TRANSFORMER/almostunified@1.21.1-1.0.0/com.almostreliable.unified.unification.recipe.RecipeTransformer.unifyRecipe(RecipeTransformer.java:183) ~[almostunified-neoforge-1.21.1-1.0.0.jar%23380!/:?]
	at TRANSFORMER/almostunified@1.21.1-1.0.0/com.almostreliable.unified.unification.recipe.RecipeTransformer.unifyRecipes(RecipeTransformer.java:156) ~[almostunified-neoforge-1.21.1-1.0.0.jar%23380!/:?]
	at TRANSFORMER/almostunified@1.21.1-1.0.0/com.almostreliable.unified.unification.recipe.RecipeTransformer.transformRecipes(RecipeTransformer.java:88) ~[almostunified-neoforge-1.21.1-1.0.0.jar%23380!/:?]
	at TRANSFORMER/almostunified@1.21.1-1.0.0/com.almostreliable.unified.unification.recipe.RecipeTransformer.lambda$transformRecipes$0(RecipeTransformer.java:56) ~[almostunified-neoforge-1.21.1-1.0.0.jar%23380!/:?]
	at java.base/java.util.concurrent.ConcurrentHashMap.forEach(ConcurrentHashMap.java:1603) ~[?:?]
	at TRANSFORMER/almostunified@1.21.1-1.0.0/com.almostreliable.unified.unification.recipe.RecipeTransformer.transformRecipes(RecipeTransformer.java:55) ~[almostunified-neoforge-1.21.1-1.0.0.jar%23380!/:?]
	at TRANSFORMER/almostunified@1.21.1-1.0.0/com.almostreliable.unified.core.AlmostUnifiedRuntimeImpl.lambda$run$1(AlmostUnifiedRuntimeImpl.java:171) ~[almostunified-neoforge-1.21.1-1.0.0.jar%23380!/:?]
	at TRANSFORMER/almostunified@1.21.1-1.0.0/com.almostreliable.unified.utils.DebugHandler.measure(DebugHandler.java:58) ~[almostunified-neoforge-1.21.1-1.0.0.jar%23380!/:?]
	at TRANSFORMER/almostunified@1.21.1-1.0.0/com.almostreliable.unified.core.AlmostUnifiedRuntimeImpl.run(AlmostUnifiedRuntimeImpl.java:169) ~[almostunified-neoforge-1.21.1-1.0.0.jar%23380!/:?]
	at TRANSFORMER/almostunified@1.21.1-1.0.0/com.almostreliable.unified.AlmostUnifiedCommon.onRecipeManagerReload(AlmostUnifiedCommon.java:41) ~[almostunified-neoforge-1.21.1-1.0.0.jar%23380!/:?]
	at TRANSFORMER/minecraft@1.21.1/net.minecraft.world.item.crafting.RecipeManager.handler$zia000$almostunified$runTransformation(RecipeManager.java:2028) ~[server-1.21.1-20240808.144430-srg.jar%23358!/:?]
	at TRANSFORMER/minecraft@1.21.1/net.minecraft.world.item.crafting.RecipeManager.apply(RecipeManager.java) ~[server-1.21.1-20240808.144430-srg.jar%23358!/:?]
	at TRANSFORMER/minecraft@1.21.1/net.minecraft.world.item.crafting.RecipeManager.apply(RecipeManager.java:36) ~[server-1.21.1-20240808.144430-srg.jar%23358!/:?]
	at TRANSFORMER/minecraft@1.21.1/net.minecraft.server.packs.resources.SimplePreparableReloadListener.lambda$reload$1(SimplePreparableReloadListener.java:19) ~[server-1.21.1-20240808.144430-srg.jar%23358!/:?]
	at java.base/java.util.concurrent.CompletableFuture$UniAccept.tryFire(CompletableFuture.java:718) ~[?:?]
	at java.base/java.util.concurrent.CompletableFuture$Completion.run(CompletableFuture.java:482) ~[?:?]
	at TRANSFORMER/minecraft@1.21.1/net.minecraft.server.packs.resources.SimpleReloadInstance.lambda$new$3(SimpleReloadInstance.java:69) ~[server-1.21.1-20240808.144430-srg.jar%23358!/:?]
	at TRANSFORMER/minecraft@1.21.1/net.minecraft.Util.blockUntilDone(Util.java:872) ~[server-1.21.1-20240808.144430-srg.jar%23358!/:?]
	at TRANSFORMER/minecraft@1.21.1/net.minecraft.Util.blockUntilDone(Util.java:861) ~[server-1.21.1-20240808.144430-srg.jar%23358!/:?]
	at TRANSFORMER/minecraft@1.21.1/net.minecraft.server.Main.main(Main.java:195) ~[server-1.21.1-20240808.144430-srg.jar%23358!/:?]
	at java.base/jdk.internal.reflect.DirectMethodHandleAccessor.invoke(DirectMethodHandleAccessor.java:103) ~[?:?]
	at java.base/java.lang.reflect.Method.invoke(Method.java:580) ~[?:?]
	at MC-BOOTSTRAP/fml_loader@4.0.24/net.neoforged.fml.loading.targets.CommonLaunchHandler.runTarget(CommonLaunchHandler.java:136) ~[loader-4.0.24.jar%2360!/:4.0]
	at MC-BOOTSTRAP/fml_loader@4.0.24/net.neoforged.fml.loading.targets.CommonLaunchHandler.serverService(CommonLaunchHandler.java:128) ~[loader-4.0.24.jar%2360!/:4.0]
	at MC-BOOTSTRAP/fml_loader@4.0.24/net.neoforged.fml.loading.targets.CommonServerLaunchHandler.runService(CommonServerLaunchHandler.java:32) ~[loader-4.0.24.jar%2360!/:4.0]
	at MC-BOOTSTRAP/fml_loader@4.0.24/net.neoforged.fml.loading.targets.CommonLaunchHandler.lambda$launchService$4(CommonLaunchHandler.java:118) ~[loader-4.0.24.jar%2360!/:4.0]
	at MC-BOOTSTRAP/cpw.mods.modlauncher@11.0.4/cpw.mods.modlauncher.LaunchServiceHandlerDecorator.launch(LaunchServiceHandlerDecorator.java:30) [modlauncher-11.0.4.jar%2362!/:?]
	at MC-BOOTSTRAP/cpw.mods.modlauncher@11.0.4/cpw.mods.modlauncher.LaunchServiceHandler.launch(LaunchServiceHandler.java:53) [modlauncher-11.0.4.jar%2362!/:?]
	at MC-BOOTSTRAP/cpw.mods.modlauncher@11.0.4/cpw.mods.modlauncher.LaunchServiceHandler.launch(LaunchServiceHandler.java:71) [modlauncher-11.0.4.jar%2362!/:?]
	at MC-BOOTSTRAP/cpw.mods.modlauncher@11.0.4/cpw.mods.modlauncher.Launcher.run(Launcher.java:103) [modlauncher-11.0.4.jar%2362!/:?]
	at MC-BOOTSTRAP/cpw.mods.modlauncher@11.0.4/cpw.mods.modlauncher.Launcher.main(Launcher.java:74) [modlauncher-11.0.4.jar%2362!/:?]
	at MC-BOOTSTRAP/cpw.mods.modlauncher@11.0.4/cpw.mods.modlauncher.BootstrapLaunchConsumer.accept(BootstrapLaunchConsumer.java:26) [modlauncher-11.0.4.jar%2362!/:?]
	at MC-BOOTSTRAP/cpw.mods.modlauncher@11.0.4/cpw.mods.modlauncher.BootstrapLaunchConsumer.accept(BootstrapLaunchConsumer.java:23) [modlauncher-11.0.4.jar%2362!/:?]
	at cpw.mods.bootstraplauncher@2.0.2/cpw.mods.bootstraplauncher.BootstrapLauncher.run(BootstrapLauncher.java:210) [bootstraplauncher-2.0.2.jar:?]
	at cpw.mods.bootstraplauncher@2.0.2/cpw.mods.bootstraplauncher.BootstrapLauncher.main(BootstrapLauncher.java:69) [bootstraplauncher-2.0.2.jar:?]
[19:54:55.225] [INFO]: Recipe count afterwards: 20740 (done in 1.458 s)
